
ROM used:   1290/8192 (16%)
            1290/8192 (16%) including unused fragments

            0.4 Average locations per line
            3.5 Average locations per statement

RAM used:   34/368 (9%) at main() level
            56/368 (15%) worst case

Stack used: 3 worst case (3 in main + 0 for interrupts)
Stack size: 8

Lines Stmts  %   Files
----- ----- ---  -----
   35    14   4  main.c
    7     0   0  main.h
  707     0   0  D:\Program Files (x86)\PICC\Devices\16F877A.h
  267    94  26  lcd.h
 2228   258  70  D:\Program Files (x86)\PICC\Drivers\math.h
----- -----
 3244   366 Total

Page ROM  %  RAM    Vol Diff  Functions:
---- --- --- ---    --- ----  ----------
0     31   2    2             @ITOF
0    117   9   13             @MULFF
0    204  16   14             @DIVFF
0     21   2    1             @delay_ms2
0      8   1    0             @const866
0     58   4    2    594  4.3  lcd_init
 Inline         3    620  3.8  lcd_read_byte
0     49   4    2    204  3.2  lcd_read_nibble
0     87   7    3    313  3.4  lcd_send_byte
0     43   3    1    336  1.9  lcd_send_nibble
0     35   3    4    335  5.5  lcd_gotoxy
 Inline         1    272  4.1  lcd_putc
0     10   1    0     47  1.5  lcd_clear
0     63   5    3     80  2.7  lcd_puts
0    145  11   27    387  4.0  MAIN
0      8   1    0             @const880
0     13   1    1             @SPRINTF
0     89   7    5             @PSTRINGCN7_882
 Inline         5             @FTOSD
0     79   6   13             @DIV3232
0    226  18   13             @PRINTF_L32D_882FPFPF
 Inline         0             @cinit1

Program metrics:
    Functions               10
    Statements              366
    Comments                541
    Volume (V)              5082
    Difficulty (D)          33.7
    Effort to implement (E) 171203
    Time to implement (T)   2 hours, 39 minutes
    Est Delivered Bugs (B)  1
    Cyclomatic Complexity   10
    Maintainability (MI)    34

 Segment     Used  Free
-----------  ----  ----
00000-00003     4  0  
00004-007FF  1286  758  
00800-00FFF     0  2048  
01000-017FF     0  2048  
01800-01FFF     0  2048  



